#
# A fatal error has been detected by the Java Runtime Environment:
#
#  Internal Error (javaClasses.cpp:136), pid=8946, tid=3061865280
#  fatal error: Invalid layout of preloaded class
#
# JRE version:  (7.0_40-b43) (build )
# Java VM: Java HotSpot(TM) Server VM (24.0-b56 mixed mode linux-x86 )
# Failed to write core dump. Core dumps have been disabled. To enable core dumping, try "ulimit -c unlimited" before starting Java again
#
# If you would like to submit a bug report, please visit:
#   http://bugreport.sun.com/bugreport/crash.jsp
#

---------------  T H R E A D  ---------------

Current thread (0xb6607400):  JavaThread "Unknown thread" [_thread_in_vm, id=8948, stack(0xb67b5000,0xb6806000)]

Stack: [0xb67b5000,0xb6806000],  sp=0xb6804d80,  free space=319k
Native frames: (J=compiled Java code, j=interpreted, Vv=VM code, C=native code)
V  [libjvm.so+0x7dc0e6]  VMError::report_and_die()+0x1a6
V  [libjvm.so+0x33a8ec]  report_fatal(char const*, int, char const*)+0x4c
V  [libjvm.so+0x484dee]  compute_offset(int&, klassOopDesc*, Symbol*, Symbol*, bool)+0x10e
V  [libjvm.so+0x487144]  java_lang_String::compute_offsets()+0x44
V  [libjvm.so+0x76963d]  SystemDictionary::initialize_preloaded_classes(Thread*)+0x22d
V  [libjvm.so+0x7b2070]  Universe::genesis(Thread*)+0x410
V  [libjvm.so+0x7b24df]  universe2_init()+0x1f
V  [libjvm.so+0x44a040]  init_globals()+0xa0
V  [libjvm.so+0x79a510]  Threads::create_vm(JavaVMInitArgs*, bool*)+0x200
V  [libjvm.so+0x4bba3c]  JNI_CreateJavaVM+0x5c
C  [libjli.so+0x2668]  JavaMain+0x98
C  [libpthread.so.0+0x6d4c]  start_thread+0xcc


---------------  P R O C E S S  ---------------

Java Threads: ( => current thread )

Other Threads:

=>0xb6607400 (exited) JavaThread "Unknown thread" [_thread_in_vm, id=8948, stack(0xb67b5000,0xb6806000)]

VM state:not at safepoint (not fully initialized)

VM Mutex/Monitor currently owned by a thread: None

GC Heap History (0 events):
No events

Deoptimization events (0 events):
No events

Internal exceptions (0 events):
No events

Events (10 events):
Event: 0.009 loading class 0x70124670 done
Event: 0.009 loading class 0x70124100 done
Event: 0.009 loading class 0x701240e0
Event: 0.009 loading class 0x7012b408
Event: 0.009 loading class 0x7012b408 done
Event: 0.009 loading class 0x7012b438
Event: 0.009 loading class 0x7012b438 done
Event: 0.009 loading class 0x7012b468
Event: 0.009 loading class 0x7012b468 done
Event: 0.010 loading class 0x701240e0 done


Dynamic libraries:
08048000-08049000 r-xp 00000000 08:08 4210370    /home/manuel/jdk1.7.0_40/bin/java
08049000-0804a000 rw-p 00000000 08:08 4210370    /home/manuel/jdk1.7.0_40/bin/java
09ab4000-09ad5000 rw-p 00000000 00:00 0          [heap]
6d74b000-6d98b000 rw-p 00000000 00:00 0 
6d98b000-6da62000 r--s 013fe000 08:08 4287986    /usr/share/android-studio/sdk/platforms/android-19/android.jar
6da62000-70000000 rw-p 00000000 00:00 0 
70000000-70021000 rw-p 00000000 00:00 0 
70021000-70100000 ---p 00000000 00:00 0 
70124000-7017f000 rw-p 00000000 00:00 0 
7017f000-70180000 ---p 00000000 00:00 0 
70180000-70200000 rw-p 00000000 00:00 0 
70200000-70221000 rw-p 00000000 00:00 0 
70221000-70300000 ---p 00000000 00:00 0 
70317000-70318000 ---p 00000000 00:00 0 
70318000-703ad000 rw-p 00000000 00:00 0 
703ad000-704e8000 rw-p 00000000 00:00 0 
704e8000-704f0000 rw-p 00000000 00:00 0 
704f0000-70508000 rw-p 00000000 00:00 0 
70508000-7051d000 rw-p 00000000 00:00 0 
7051d000-70657000 rw-p 00000000 00:00 0 
70657000-70662000 rw-p 00000000 00:00 0 
70662000-706ff000 rw-p 00000000 00:00 0 
706ff000-71700000 rw-p 00000000 00:00 0 
71700000-74700000 rw-p 00000000 00:00 0 
74700000-770c0000 rw-p 00000000 00:00 0 
770c0000-9e580000 rw-p 00000000 00:00 0 
9e580000-9fa80000 rw-p 00000000 00:00 0 
9fa80000-b3500000 rw-p 00000000 00:00 0 
b3509000-b352c000 rw-p 00000000 00:00 0 
b352c000-b35e3000 rw-p 00000000 00:00 0 
b35e3000-b3823000 rwxp 00000000 00:00 0 
b3823000-b65e3000 rw-p 00000000 00:00 0 
b65e3000-b65ea000 r-xp 00000000 08:08 4756197    /lib/i386-linux-gnu/libnss_compat-2.15.so
b65ea000-b65eb000 r--p 00006000 08:08 4756197    /lib/i386-linux-gnu/libnss_compat-2.15.so
b65eb000-b65ec000 rw-p 00007000 08:08 4756197    /lib/i386-linux-gnu/libnss_compat-2.15.so
b6600000-b665b000 rw-p 00000000 00:00 0 
b665b000-b6700000 ---p 00000000 00:00 0 
b6709000-b6711000 rw-p 00000000 00:00 0 
b6711000-b6729000 rw-p 00000000 00:00 0 
b6729000-b6740000 r-xp 00000000 08:08 4212468    /home/manuel/jdk1.7.0_40/jre/lib/i386/libzip.so
b6740000-b6741000 rw-p 00017000 08:08 4212468    /home/manuel/jdk1.7.0_40/jre/lib/i386/libzip.so
b6741000-b674c000 r-xp 00000000 08:08 4756196    /lib/i386-linux-gnu/libnss_files-2.15.so
b674c000-b674d000 r--p 0000a000 08:08 4756196    /lib/i386-linux-gnu/libnss_files-2.15.so
b674d000-b674e000 rw-p 0000b000 08:08 4756196    /lib/i386-linux-gnu/libnss_files-2.15.so
b674e000-b6758000 r-xp 00000000 08:08 4756195    /lib/i386-linux-gnu/libnss_nis-2.15.so
b6758000-b6759000 r--p 00009000 08:08 4756195    /lib/i386-linux-gnu/libnss_nis-2.15.so
b6759000-b675a000 rw-p 0000a000 08:08 4756195    /lib/i386-linux-gnu/libnss_nis-2.15.so
b6766000-b676e000 rw-s 00000000 08:08 262521     /tmp/hsperfdata_root/8946
b676e000-b6784000 r-xp 00000000 08:08 4756182    /lib/i386-linux-gnu/libnsl-2.15.so
b6784000-b6785000 r--p 00015000 08:08 4756182    /lib/i386-linux-gnu/libnsl-2.15.so
b6785000-b6786000 rw-p 00016000 08:08 4756182    /lib/i386-linux-gnu/libnsl-2.15.so
b6786000-b6788000 rw-p 00000000 00:00 0 
b6788000-b67ab000 r-xp 00000000 08:08 4212433    /home/manuel/jdk1.7.0_40/jre/lib/i386/libjava.so
b67ab000-b67ac000 rw-p 00022000 08:08 4212433    /home/manuel/jdk1.7.0_40/jre/lib/i386/libjava.so
b67ac000-b67b3000 r-xp 00000000 08:08 4756190    /lib/i386-linux-gnu/librt-2.15.so
b67b3000-b67b4000 r--p 00006000 08:08 4756190    /lib/i386-linux-gnu/librt-2.15.so
b67b4000-b67b5000 rw-p 00007000 08:08 4756190    /lib/i386-linux-gnu/librt-2.15.so
b67b5000-b67b8000 ---p 00000000 00:00 0 
b67b8000-b6806000 rw-p 00000000 00:00 0 
b6806000-b6830000 r-xp 00000000 08:08 4756194    /lib/i386-linux-gnu/libm-2.15.so
b6830000-b6831000 r--p 00029000 08:08 4756194    /lib/i386-linux-gnu/libm-2.15.so
b6831000-b6832000 rw-p 0002a000 08:08 4756194    /lib/i386-linux-gnu/libm-2.15.so
b6832000-b70a9000 r-xp 00000000 08:08 4212467    /home/manuel/jdk1.7.0_40/jre/lib/i386/server/libjvm.so
b70a9000-b710d000 rw-p 00877000 08:08 4212467    /home/manuel/jdk1.7.0_40/jre/lib/i386/server/libjvm.so
b710d000-b7531000 rw-p 00000000 00:00 0 
b7531000-b76d5000 r-xp 00000000 08:08 4756199    /lib/i386-linux-gnu/libc-2.15.so
b76d5000-b76d7000 r--p 001a4000 08:08 4756199    /lib/i386-linux-gnu/libc-2.15.so
b76d7000-b76d8000 rw-p 001a6000 08:08 4756199    /lib/i386-linux-gnu/libc-2.15.so
b76d8000-b76db000 rw-p 00000000 00:00 0 
b76db000-b76de000 r-xp 00000000 08:08 4756198    /lib/i386-linux-gnu/libdl-2.15.so
b76de000-b76df000 r--p 00002000 08:08 4756198    /lib/i386-linux-gnu/libdl-2.15.so
b76df000-b76e0000 rw-p 00003000 08:08 4756198    /lib/i386-linux-gnu/libdl-2.15.so
b76e0000-b76f3000 r-xp 00000000 08:08 4212436    /home/manuel/jdk1.7.0_40/jre/lib/i386/jli/libjli.so
b76f3000-b76f4000 rw-p 00012000 08:08 4212436    /home/manuel/jdk1.7.0_40/jre/lib/i386/jli/libjli.so
b76f4000-b76f5000 rw-p 00000000 00:00 0 
b76f5000-b770c000 r-xp 00000000 08:08 4756188    /lib/i386-linux-gnu/libpthread-2.15.so
b770c000-b770d000 r--p 00016000 08:08 4756188    /lib/i386-linux-gnu/libpthread-2.15.so
b770d000-b770e000 rw-p 00017000 08:08 4756188    /lib/i386-linux-gnu/libpthread-2.15.so
b770e000-b7710000 rw-p 00000000 00:00 0 
b7713000-b7717000 rw-p 00000000 00:00 0 
b7717000-b7718000 r--p 00000000 00:00 0 
b7718000-b7723000 r-xp 00000000 08:08 4212416    /home/manuel/jdk1.7.0_40/jre/lib/i386/libverify.so
b7723000-b7724000 rw-p 0000b000 08:08 4212416    /home/manuel/jdk1.7.0_40/jre/lib/i386/libverify.so
b7724000-b7726000 rw-p 00000000 00:00 0 
b7726000-b7727000 r-xp 00000000 00:00 0          [vdso]
b7727000-b7747000 r-xp 00000000 08:08 4756189    /lib/i386-linux-gnu/ld-2.15.so
b7747000-b7748000 r--p 0001f000 08:08 4756189    /lib/i386-linux-gnu/ld-2.15.so
b7748000-b7749000 rw-p 00020000 08:08 4756189    /lib/i386-linux-gnu/ld-2.15.so
bfc1e000-bfc3f000 rw-p 00000000 00:00 0          [stack]

VM Arguments:
jvm_args: -Dfile.encoding=UTF-8 -Xbootclasspath:/usr/share/android-studio/sdk/platforms/android-19/android.jar 
java_command: com.iesebre.DAM2.pojo.Person
Launcher Type: SUN_STANDARD

Environment Variables:
PATH=/usr/local/sbin:/usr/local/bin:/usr/sbin:/usr/bin:/sbin:/bin
USERNAME=root
LD_LIBRARY_PATH=/home/manuel/jdk1.7.0_40/jre/lib/i386/server:/home/manuel/jdk1.7.0_40/jre/lib/i386:/home/manuel/jdk1.7.0_40/jre/../lib/i386:/home/manuel/jdk1.7.0_40/jre/lib/i386/client:/home/manuel/jdk1.7.0_40/jre/lib/i386:
SHELL=/bin/bash
DISPLAY=:0

Signal Handlers:
SIGSEGV: [libjvm.so+0x7dcc00], sa_mask[0]=0x7ffbfeff, sa_flags=0x10000004
SIGBUS: [libjvm.so+0x7dcc00], sa_mask[0]=0x7ffbfeff, sa_flags=0x10000004
SIGFPE: [libjvm.so+0x678400], sa_mask[0]=0x7ffbfeff, sa_flags=0x10000004
SIGPIPE: [libjvm.so+0x678400], sa_mask[0]=0x7ffbfeff, sa_flags=0x10000004
SIGXFSZ: [libjvm.so+0x678400], sa_mask[0]=0x7ffbfeff, sa_flags=0x10000004
SIGILL: [libjvm.so+0x678400], sa_mask[0]=0x7ffbfeff, sa_flags=0x10000004
SIGUSR1: SIG_DFL, sa_mask[0]=0x00000000, sa_flags=0x00000000
SIGUSR2: [libjvm.so+0x6798f0], sa_mask[0]=0x00000004, sa_flags=0x10000004
SIGHUP: SIG_DFL, sa_mask[0]=0x00000000, sa_flags=0x00000000
SIGINT: SIG_DFL, sa_mask[0]=0x00000000, sa_flags=0x00000000
SIGTERM: SIG_DFL, sa_mask[0]=0x00000000, sa_flags=0x00000000
SIGQUIT: SIG_DFL, sa_mask[0]=0x00000000, sa_flags=0x00000000


---------------  S Y S T E M  ---------------

OS:wheezy/sid

uname:Linux 3.2.0-59-generic-pae #90-Ubuntu SMP Tue Jan 7 23:07:06 UTC 2014 i686
libc:glibc 2.15 NPTL 2.15 
rlimit: STACK 8192k, CORE 0k, NPROC 32035, NOFILE 4096, AS infinity
load average:0.60 0.42 0.39

/proc/meminfo:
MemTotal:        4115112 kB
MemFree:          382768 kB
Buffers:           81520 kB
Cached:          1619232 kB
SwapCached:          628 kB
Active:          2447844 kB
Inactive:        1120840 kB
Active(anon):    1809008 kB
Inactive(anon):   506280 kB
Active(file):     638836 kB
Inactive(file):   614560 kB
Unevictable:           0 kB
Mlocked:               0 kB
HighTotal:       3271304 kB
HighFree:         111784 kB
LowTotal:         843808 kB
LowFree:          270984 kB
SwapTotal:       1963004 kB
SwapFree:        1950916 kB
Dirty:                84 kB
Writeback:             0 kB
AnonPages:       1867336 kB
Mapped:           286044 kB
Shmem:            447356 kB
Slab:             105644 kB
SReclaimable:      79924 kB
SUnreclaim:        25720 kB
KernelStack:        6472 kB
PageTables:        31636 kB
NFS_Unstable:          0 kB
Bounce:                0 kB
WritebackTmp:          0 kB
CommitLimit:     4020560 kB
Committed_AS:    8365216 kB
VmallocTotal:     122880 kB
VmallocUsed:       11928 kB
VmallocChunk:     104764 kB
HardwareCorrupted:     0 kB
AnonHugePages:         0 kB
HugePages_Total:       0
HugePages_Free:        0
HugePages_Rsvd:        0
HugePages_Surp:        0
Hugepagesize:       2048 kB
DirectMap4k:       10232 kB
DirectMap2M:      903168 kB


CPU:total 2 (2 cores per cpu, 1 threads per core) family 6 model 23 stepping 10, cmov, cx8, fxsr, mmx, sse, sse2, sse3, ssse3, tsc

/proc/cpuinfo:
processor	: 0
vendor_id	: GenuineIntel
cpu family	: 6
model		: 23
model name	: Pentium(R) Dual-Core  CPU      E5400  @ 2.70GHz
stepping	: 10
microcode	: 0xa07
cpu MHz		: 2700.000
cache size	: 2048 KB
physical id	: 0
siblings	: 2
core id		: 0
cpu cores	: 2
apicid		: 0
initial apicid	: 0
fdiv_bug	: no
hlt_bug		: no
f00f_bug	: no
coma_bug	: no
fpu		: yes
fpu_exception	: yes
cpuid level	: 13
wp		: yes
flags		: fpu vme de pse tsc msr pae mce cx8 apic sep mtrr pge mca cmov pat pse36 clflush dts acpi mmx fxsr sse sse2 ss ht tm pbe nx lm constant_tsc arch_perfmon pebs bts aperfmperf pni dtes64 monitor ds_cpl vmx est tm2 ssse3 cx16 xtpr pdcm xsave lahf_lm dtherm tpr_shadow vnmi flexpriority
bogomips	: 5386.59
clflush size	: 64
cache_alignment	: 64
address sizes	: 36 bits physical, 48 bits virtual
power management:

processor	: 1
vendor_id	: GenuineIntel
cpu family	: 6
model		: 23
model name	: Pentium(R) Dual-Core  CPU      E5400  @ 2.70GHz
stepping	: 10
microcode	: 0xa07
cpu MHz		: 2700.000
cache size	: 2048 KB
physical id	: 0
siblings	: 2
core id		: 1
cpu cores	: 2
apicid		: 1
initial apicid	: 1
fdiv_bug	: no
hlt_bug		: no
f00f_bug	: no
coma_bug	: no
fpu		: yes
fpu_exception	: yes
cpuid level	: 13
wp		: yes
flags		: fpu vme de pse tsc msr pae mce cx8 apic sep mtrr pge mca cmov pat pse36 clflush dts acpi mmx fxsr sse sse2 ss ht tm pbe nx lm constant_tsc arch_perfmon pebs bts aperfmperf pni dtes64 monitor ds_cpl vmx est tm2 ssse3 cx16 xtpr pdcm xsave lahf_lm dtherm tpr_shadow vnmi flexpriority
bogomips	: 5386.43
clflush size	: 64
cache_alignment	: 64
address sizes	: 36 bits physical, 48 bits virtual
power management:



Memory: 4k page, physical 4115112k(382768k free), swap 1963004k(1950916k free)

vm_info: Java HotSpot(TM) Server VM (24.0-b56) for linux-x86 JRE (1.7.0_40-b43), built on Aug 26 2013 22:01:21 by "java_re" with gcc 4.3.0 20080428 (Red Hat 4.3.0-8)

time: Wed Feb 19 20:45:38 2014
elapsed time: 0 seconds

