#
# A fatal error has been detected by the Java Runtime Environment:
#
#  Internal Error (javaClasses.cpp:136), pid=9000, tid=3062573888
#  fatal error: Invalid layout of preloaded class
#
# JRE version:  (7.0_40-b43) (build )
# Java VM: Java HotSpot(TM) Server VM (24.0-b56 mixed mode linux-x86 )
# Failed to write core dump. Core dumps have been disabled. To enable core dumping, try "ulimit -c unlimited" before starting Java again
#
# If you would like to submit a bug report, please visit:
#   http://bugreport.sun.com/bugreport/crash.jsp
#

---------------  T H R E A D  ---------------

Current thread (0xb6707400):  JavaThread "Unknown thread" [_thread_in_vm, id=9004, stack(0xb6862000,0xb68b3000)]

Stack: [0xb6862000,0xb68b3000],  sp=0xb68b1d80,  free space=319k
Native frames: (J=compiled Java code, j=interpreted, Vv=VM code, C=native code)
V  [libjvm.so+0x7dc0e6]  VMError::report_and_die()+0x1a6
V  [libjvm.so+0x33a8ec]  report_fatal(char const*, int, char const*)+0x4c
V  [libjvm.so+0x484dee]  compute_offset(int&, klassOopDesc*, Symbol*, Symbol*, bool)+0x10e
V  [libjvm.so+0x487144]  java_lang_String::compute_offsets()+0x44
V  [libjvm.so+0x76963d]  SystemDictionary::initialize_preloaded_classes(Thread*)+0x22d
V  [libjvm.so+0x7b2070]  Universe::genesis(Thread*)+0x410
V  [libjvm.so+0x7b24df]  universe2_init()+0x1f
V  [libjvm.so+0x44a040]  init_globals()+0xa0
V  [libjvm.so+0x79a510]  Threads::create_vm(JavaVMInitArgs*, bool*)+0x200
V  [libjvm.so+0x4bba3c]  JNI_CreateJavaVM+0x5c
C  [libjli.so+0x2668]  JavaMain+0x98
C  [libpthread.so.0+0x6d4c]  start_thread+0xcc


---------------  P R O C E S S  ---------------

Java Threads: ( => current thread )

Other Threads:

=>0xb6707400 (exited) JavaThread "Unknown thread" [_thread_in_vm, id=9004, stack(0xb6862000,0xb68b3000)]

VM state:not at safepoint (not fully initialized)

VM Mutex/Monitor currently owned by a thread: None

GC Heap History (0 events):
No events

Deoptimization events (0 events):
No events

Internal exceptions (0 events):
No events

Events (10 events):
Event: 0.009 loading class 0x70301670 done
Event: 0.009 loading class 0x70301100 done
Event: 0.009 loading class 0x703010e0
Event: 0.009 loading class 0x70308408
Event: 0.010 loading class 0x70308408 done
Event: 0.010 loading class 0x70308438
Event: 0.010 loading class 0x70308438 done
Event: 0.010 loading class 0x70308468
Event: 0.010 loading class 0x70308468 done
Event: 0.010 loading class 0x703010e0 done


Dynamic libraries:
08048000-08049000 r-xp 00000000 08:08 4210370    /home/manuel/jdk1.7.0_40/bin/java
08049000-0804a000 rw-p 00000000 08:08 4210370    /home/manuel/jdk1.7.0_40/bin/java
0979b000-097bc000 rw-p 00000000 00:00 0          [heap]
6d847000-70000000 rw-p 00000000 00:00 0 
70000000-70021000 rw-p 00000000 00:00 0 
70021000-70100000 ---p 00000000 00:00 0 
70101000-70129000 rw-p 00000000 00:00 0 
70129000-70200000 r--s 013fe000 08:08 4287986    /usr/share/android-studio/sdk/platforms/android-19/android.jar
70200000-70221000 rw-p 00000000 00:00 0 
70221000-70300000 ---p 00000000 00:00 0 
70301000-70376000 rw-p 00000000 00:00 0 
70376000-70377000 ---p 00000000 00:00 0 
70377000-703f7000 rw-p 00000000 00:00 0 
703f7000-703f8000 ---p 00000000 00:00 0 
703f8000-70480000 rw-p 00000000 00:00 0 
70480000-70498000 rw-p 00000000 00:00 0 
70498000-704ad000 rw-p 00000000 00:00 0 
704ad000-705e8000 rw-p 00000000 00:00 0 
705e8000-705f0000 rw-p 00000000 00:00 0 
705f0000-70608000 rw-p 00000000 00:00 0 
70608000-7061d000 rw-p 00000000 00:00 0 
7061d000-70757000 rw-p 00000000 00:00 0 
70757000-70762000 rw-p 00000000 00:00 0 
70762000-707ff000 rw-p 00000000 00:00 0 
707ff000-71800000 rw-p 00000000 00:00 0 
71800000-74800000 rw-p 00000000 00:00 0 
74800000-771c0000 rw-p 00000000 00:00 0 
771c0000-9e680000 rw-p 00000000 00:00 0 
9e680000-9fb80000 rw-p 00000000 00:00 0 
9fb80000-b3600000 rw-p 00000000 00:00 0 
b3601000-b360a000 rw-p 00000000 00:00 0 
b360a000-b36c1000 rw-p 00000000 00:00 0 
b36c1000-b3901000 rwxp 00000000 00:00 0 
b3901000-b66c1000 rw-p 00000000 00:00 0 
b66c1000-b66d8000 r-xp 00000000 08:08 4212468    /home/manuel/jdk1.7.0_40/jre/lib/i386/libzip.so
b66d8000-b66d9000 rw-p 00017000 08:08 4212468    /home/manuel/jdk1.7.0_40/jre/lib/i386/libzip.so
b66d9000-b66e4000 r-xp 00000000 08:08 4756196    /lib/i386-linux-gnu/libnss_files-2.15.so
b66e4000-b66e5000 r--p 0000a000 08:08 4756196    /lib/i386-linux-gnu/libnss_files-2.15.so
b66e5000-b66e6000 rw-p 0000b000 08:08 4756196    /lib/i386-linux-gnu/libnss_files-2.15.so
b66e6000-b66fc000 r-xp 00000000 08:08 4756182    /lib/i386-linux-gnu/libnsl-2.15.so
b66fc000-b66fd000 r--p 00015000 08:08 4756182    /lib/i386-linux-gnu/libnsl-2.15.so
b66fd000-b66fe000 rw-p 00016000 08:08 4756182    /lib/i386-linux-gnu/libnsl-2.15.so
b66fe000-b6700000 rw-p 00000000 00:00 0 
b6700000-b675b000 rw-p 00000000 00:00 0 
b675b000-b6800000 ---p 00000000 00:00 0 
b680c000-b6816000 r-xp 00000000 08:08 4756195    /lib/i386-linux-gnu/libnss_nis-2.15.so
b6816000-b6817000 r--p 00009000 08:08 4756195    /lib/i386-linux-gnu/libnss_nis-2.15.so
b6817000-b6818000 rw-p 0000a000 08:08 4756195    /lib/i386-linux-gnu/libnss_nis-2.15.so
b6818000-b681f000 r-xp 00000000 08:08 4756197    /lib/i386-linux-gnu/libnss_compat-2.15.so
b681f000-b6820000 r--p 00006000 08:08 4756197    /lib/i386-linux-gnu/libnss_compat-2.15.so
b6820000-b6821000 rw-p 00007000 08:08 4756197    /lib/i386-linux-gnu/libnss_compat-2.15.so
b682d000-b6835000 rw-s 00000000 08:08 262521     /tmp/hsperfdata_root/9000
b6835000-b6858000 r-xp 00000000 08:08 4212433    /home/manuel/jdk1.7.0_40/jre/lib/i386/libjava.so
b6858000-b6859000 rw-p 00022000 08:08 4212433    /home/manuel/jdk1.7.0_40/jre/lib/i386/libjava.so
b6859000-b6860000 r-xp 00000000 08:08 4756190    /lib/i386-linux-gnu/librt-2.15.so
b6860000-b6861000 r--p 00006000 08:08 4756190    /lib/i386-linux-gnu/librt-2.15.so
b6861000-b6862000 rw-p 00007000 08:08 4756190    /lib/i386-linux-gnu/librt-2.15.so
b6862000-b6865000 ---p 00000000 00:00 0 
b6865000-b68b3000 rw-p 00000000 00:00 0 
b68b3000-b68dd000 r-xp 00000000 08:08 4756194    /lib/i386-linux-gnu/libm-2.15.so
b68dd000-b68de000 r--p 00029000 08:08 4756194    /lib/i386-linux-gnu/libm-2.15.so
b68de000-b68df000 rw-p 0002a000 08:08 4756194    /lib/i386-linux-gnu/libm-2.15.so
b68df000-b7156000 r-xp 00000000 08:08 4212467    /home/manuel/jdk1.7.0_40/jre/lib/i386/server/libjvm.so
b7156000-b71ba000 rw-p 00877000 08:08 4212467    /home/manuel/jdk1.7.0_40/jre/lib/i386/server/libjvm.so
b71ba000-b75de000 rw-p 00000000 00:00 0 
b75de000-b7782000 r-xp 00000000 08:08 4756199    /lib/i386-linux-gnu/libc-2.15.so
b7782000-b7784000 r--p 001a4000 08:08 4756199    /lib/i386-linux-gnu/libc-2.15.so
b7784000-b7785000 rw-p 001a6000 08:08 4756199    /lib/i386-linux-gnu/libc-2.15.so
b7785000-b7788000 rw-p 00000000 00:00 0 
b7788000-b778b000 r-xp 00000000 08:08 4756198    /lib/i386-linux-gnu/libdl-2.15.so
b778b000-b778c000 r--p 00002000 08:08 4756198    /lib/i386-linux-gnu/libdl-2.15.so
b778c000-b778d000 rw-p 00003000 08:08 4756198    /lib/i386-linux-gnu/libdl-2.15.so
b778d000-b77a0000 r-xp 00000000 08:08 4212436    /home/manuel/jdk1.7.0_40/jre/lib/i386/jli/libjli.so
b77a0000-b77a1000 rw-p 00012000 08:08 4212436    /home/manuel/jdk1.7.0_40/jre/lib/i386/jli/libjli.so
b77a1000-b77a2000 rw-p 00000000 00:00 0 
b77a2000-b77b9000 r-xp 00000000 08:08 4756188    /lib/i386-linux-gnu/libpthread-2.15.so
b77b9000-b77ba000 r--p 00016000 08:08 4756188    /lib/i386-linux-gnu/libpthread-2.15.so
b77ba000-b77bb000 rw-p 00017000 08:08 4756188    /lib/i386-linux-gnu/libpthread-2.15.so
b77bb000-b77bd000 rw-p 00000000 00:00 0 
b77c3000-b77c4000 rw-p 00000000 00:00 0 
b77c4000-b77c5000 r--p 00000000 00:00 0 
b77c5000-b77d0000 r-xp 00000000 08:08 4212416    /home/manuel/jdk1.7.0_40/jre/lib/i386/libverify.so
b77d0000-b77d1000 rw-p 0000b000 08:08 4212416    /home/manuel/jdk1.7.0_40/jre/lib/i386/libverify.so
b77d1000-b77d3000 rw-p 00000000 00:00 0 
b77d3000-b77d4000 r-xp 00000000 00:00 0          [vdso]
b77d4000-b77f4000 r-xp 00000000 08:08 4756189    /lib/i386-linux-gnu/ld-2.15.so
b77f4000-b77f5000 r--p 0001f000 08:08 4756189    /lib/i386-linux-gnu/ld-2.15.so
b77f5000-b77f6000 rw-p 00020000 08:08 4756189    /lib/i386-linux-gnu/ld-2.15.so
bfc31000-bfc52000 rw-p 00000000 00:00 0          [stack]

VM Arguments:
jvm_args: -Dfile.encoding=UTF-8 -Xbootclasspath:/usr/share/android-studio/sdk/platforms/android-19/android.jar 
java_command: com.iesebre.DAM2.pojo.Person
Launcher Type: SUN_STANDARD

Environment Variables:
PATH=/usr/local/sbin:/usr/local/bin:/usr/sbin:/usr/bin:/sbin:/bin
USERNAME=root
LD_LIBRARY_PATH=/home/manuel/jdk1.7.0_40/jre/lib/i386/server:/home/manuel/jdk1.7.0_40/jre/lib/i386:/home/manuel/jdk1.7.0_40/jre/../lib/i386:/home/manuel/jdk1.7.0_40/jre/lib/i386/client:/home/manuel/jdk1.7.0_40/jre/lib/i386:
SHELL=/bin/bash
DISPLAY=:0

Signal Handlers:
SIGSEGV: [libjvm.so+0x7dcc00], sa_mask[0]=0x7ffbfeff, sa_flags=0x10000004
SIGBUS: [libjvm.so+0x7dcc00], sa_mask[0]=0x7ffbfeff, sa_flags=0x10000004
SIGFPE: [libjvm.so+0x678400], sa_mask[0]=0x7ffbfeff, sa_flags=0x10000004
SIGPIPE: [libjvm.so+0x678400], sa_mask[0]=0x7ffbfeff, sa_flags=0x10000004
SIGXFSZ: [libjvm.so+0x678400], sa_mask[0]=0x7ffbfeff, sa_flags=0x10000004
SIGILL: [libjvm.so+0x678400], sa_mask[0]=0x7ffbfeff, sa_flags=0x10000004
SIGUSR1: SIG_DFL, sa_mask[0]=0x00000000, sa_flags=0x00000000
SIGUSR2: [libjvm.so+0x6798f0], sa_mask[0]=0x00000004, sa_flags=0x10000004
SIGHUP: SIG_DFL, sa_mask[0]=0x00000000, sa_flags=0x00000000
SIGINT: SIG_DFL, sa_mask[0]=0x00000000, sa_flags=0x00000000
SIGTERM: SIG_DFL, sa_mask[0]=0x00000000, sa_flags=0x00000000
SIGQUIT: SIG_DFL, sa_mask[0]=0x00000000, sa_flags=0x00000000


---------------  S Y S T E M  ---------------

OS:wheezy/sid

uname:Linux 3.2.0-59-generic-pae #90-Ubuntu SMP Tue Jan 7 23:07:06 UTC 2014 i686
libc:glibc 2.15 NPTL 2.15 
rlimit: STACK 8192k, CORE 0k, NPROC 32035, NOFILE 4096, AS infinity
load average:0.35 0.39 0.39

/proc/meminfo:
MemTotal:        4115112 kB
MemFree:          391128 kB
Buffers:           82104 kB
Cached:          1602492 kB
SwapCached:          628 kB
Active:          2441708 kB
Inactive:        1118328 kB
Active(anon):    1801688 kB
Inactive(anon):   497052 kB
Active(file):     640020 kB
Inactive(file):   621276 kB
Unevictable:           0 kB
Mlocked:               0 kB
HighTotal:       3271304 kB
HighFree:         120836 kB
LowTotal:         843808 kB
LowFree:          270292 kB
SwapTotal:       1963004 kB
SwapFree:        1950916 kB
Dirty:               152 kB
Writeback:             0 kB
AnonPages:       1874928 kB
Mapped:           287040 kB
Shmem:            423152 kB
Slab:             105776 kB
SReclaimable:      80056 kB
SUnreclaim:        25720 kB
KernelStack:        6480 kB
PageTables:        31656 kB
NFS_Unstable:          0 kB
Bounce:                0 kB
WritebackTmp:          0 kB
CommitLimit:     4020560 kB
Committed_AS:    8343784 kB
VmallocTotal:     122880 kB
VmallocUsed:       11928 kB
VmallocChunk:     104356 kB
HardwareCorrupted:     0 kB
AnonHugePages:         0 kB
HugePages_Total:       0
HugePages_Free:        0
HugePages_Rsvd:        0
HugePages_Surp:        0
Hugepagesize:       2048 kB
DirectMap4k:       10232 kB
DirectMap2M:      903168 kB


CPU:total 2 (2 cores per cpu, 1 threads per core) family 6 model 23 stepping 10, cmov, cx8, fxsr, mmx, sse, sse2, sse3, ssse3, tsc

/proc/cpuinfo:
processor	: 0
vendor_id	: GenuineIntel
cpu family	: 6
model		: 23
model name	: Pentium(R) Dual-Core  CPU      E5400  @ 2.70GHz
stepping	: 10
microcode	: 0xa07
cpu MHz		: 1603.000
cache size	: 2048 KB
physical id	: 0
siblings	: 2
core id		: 0
cpu cores	: 2
apicid		: 0
initial apicid	: 0
fdiv_bug	: no
hlt_bug		: no
f00f_bug	: no
coma_bug	: no
fpu		: yes
fpu_exception	: yes
cpuid level	: 13
wp		: yes
flags		: fpu vme de pse tsc msr pae mce cx8 apic sep mtrr pge mca cmov pat pse36 clflush dts acpi mmx fxsr sse sse2 ss ht tm pbe nx lm constant_tsc arch_perfmon pebs bts aperfmperf pni dtes64 monitor ds_cpl vmx est tm2 ssse3 cx16 xtpr pdcm xsave lahf_lm dtherm tpr_shadow vnmi flexpriority
bogomips	: 5386.59
clflush size	: 64
cache_alignment	: 64
address sizes	: 36 bits physical, 48 bits virtual
power management:

processor	: 1
vendor_id	: GenuineIntel
cpu family	: 6
model		: 23
model name	: Pentium(R) Dual-Core  CPU      E5400  @ 2.70GHz
stepping	: 10
microcode	: 0xa07
cpu MHz		: 2700.000
cache size	: 2048 KB
physical id	: 0
siblings	: 2
core id		: 1
cpu cores	: 2
apicid		: 1
initial apicid	: 1
fdiv_bug	: no
hlt_bug		: no
f00f_bug	: no
coma_bug	: no
fpu		: yes
fpu_exception	: yes
cpuid level	: 13
wp		: yes
flags		: fpu vme de pse tsc msr pae mce cx8 apic sep mtrr pge mca cmov pat pse36 clflush dts acpi mmx fxsr sse sse2 ss ht tm pbe nx lm constant_tsc arch_perfmon pebs bts aperfmperf pni dtes64 monitor ds_cpl vmx est tm2 ssse3 cx16 xtpr pdcm xsave lahf_lm dtherm tpr_shadow vnmi flexpriority
bogomips	: 5386.43
clflush size	: 64
cache_alignment	: 64
address sizes	: 36 bits physical, 48 bits virtual
power management:



Memory: 4k page, physical 4115112k(390880k free), swap 1963004k(1950916k free)

vm_info: Java HotSpot(TM) Server VM (24.0-b56) for linux-x86 JRE (1.7.0_40-b43), built on Aug 26 2013 22:01:21 by "java_re" with gcc 4.3.0 20080428 (Red Hat 4.3.0-8)

time: Wed Feb 19 20:48:38 2014
elapsed time: 0 seconds

